<?xml version="1.0" encoding="UTF-8"?>
<!-- Generated by org.testng.reporters.JUnitReportReporter -->
<testsuite hostname="LAPTOP-Sonali" failures="0" tests="1" name="day6.CSVExample" time="0.916" errors="0" timestamp="2021-11-03T18:26:27 IST" skipped="0">
  <testcase classname="day6.CSVExample" name="ReadingCSVFile" time="0.916"/>
  <system-out/>
</testsuite> <!-- day6.CSVExample -->
